<?xml version="1.0" encoding="UTF-8"?>
<!-- Generated by org.testng.reporters.JUnitReportReporter -->
<testsuite hostname="LAPTOP-BT1T9D6N" failures="0" tests="1" name="deivaint.todos.standalonetest2" time="3.183" errors="0" timestamp="2024-11-11T13:36:55 IST" skipped="0">
  <testcase classname="deivaint.todos.standalonetest2" name="standtest" time="3.183"/>
  <system-out/>
</testsuite> <!-- deivaint.todos.standalonetest2 -->
